[0928/184459.607:ERROR:file_io_win.cc(171)] CreateFile C:\Users\rfabini\AppData\Local\Temp\.profile\Crashpad\reports\75687745-b9f8-4ce6-a769-d62a7aa2a6fd.dmp: O sistema não pode encontrar o caminho especificado. (0x3)
[0928/184459.624:ERROR:crash_report_exception_handler.cc(97)] PrepareNewCrashReport failed
[1012/173833.992:ERROR:directory_reader_win.cc(43)] FindFirstFile: O sistema não pode encontrar o caminho especificado. (0x3)
[1013/080838.964:ERROR:directory_reader_win.cc(43)] FindFirstFile: O sistema não pode encontrar o caminho especificado. (0x3)
[1014/072100.694:ERROR:directory_reader_win.cc(43)] FindFirstFile: O sistema não pode encontrar o caminho especificado. (0x3)
[1014/114944.064:ERROR:directory_reader_win.cc(43)] FindFirstFile: O sistema não pode encontrar o caminho especificado. (0x3)
[1014/133944.454:ERROR:crash_report_database_win.cc(498)] failed to stat report
[1014/135444.744:ERROR:crash_report_database_win.cc(498)] failed to stat report
[1014/140944.751:ERROR:crash_report_database_win.cc(498)] failed to stat report
[1014/142444.769:ERROR:crash_report_database_win.cc(498)] failed to stat report
[1014/143944.775:ERROR:crash_report_database_win.cc(498)] failed to stat report
[1014/145444.779:ERROR:crash_report_database_win.cc(498)] failed to stat report
[1014/150944.784:ERROR:crash_report_database_win.cc(498)] failed to stat report
[1014/152444.793:ERROR:crash_report_database_win.cc(498)] failed to stat report
[1014/153944.821:ERROR:crash_report_database_win.cc(498)] failed to stat report
[1014/155444.932:ERROR:crash_report_database_win.cc(498)] failed to stat report
[1014/160740.536:ERROR:directory_reader_win.cc(43)] FindFirstFile: O sistema não pode encontrar o caminho especificado. (0x3)
[1015/093018.567:ERROR:directory_reader_win.cc(43)] FindFirstFile: O sistema não pode encontrar o caminho especificado. (0x3)
[1015/103203.542:ERROR:crash_report_database_win.cc(498)] failed to stat report
[1015/104203.635:ERROR:crash_report_database_win.cc(498)] failed to stat report
[1015/104203.638:ERROR:filesystem_win.cc(116)] GetFileAttributes C:\Users\rfabini\AppData\Local\Temp\.profile\Crashpad\reports\797414f6-e7c1-4f45-9738-608c4fe634d6.dmp: O sistema não pode encontrar o arquivo especificado. (0x2)
[1015/104203.641:ERROR:directory_reader_win.cc(43)] FindFirstFile: O sistema não pode encontrar o caminho especificado. (0x3)
[1016/063640.334:ERROR:directory_reader_win.cc(43)] FindFirstFile: O sistema não pode encontrar o caminho especificado. (0x3)
